{"contracts/cannon/CannonActivity.sol":{"l":{"28":35,"29":35,"30":35,"31":35,"32":35,"33":35,"36":35,"37":35,"40":35,"43":35,"46":34,"48":17,"51":1,"55":16,"58":16,"61":34,"64":34,"65":3,"66":3,"68":31,"76":17,"81":8,"84":8,"89":9,"90":9,"91":9,"94":9},"path":"/Users/cliffhall/Projects/nifty-cannon-contracts/contracts/cannon/CannonActivity.sol","s":{"1":35,"2":35,"3":35,"4":35,"5":35,"6":35,"7":35,"8":35,"9":35,"10":35,"11":34,"12":17,"13":1,"14":16,"15":16,"16":34,"17":34,"18":3,"19":3,"20":31,"21":17,"22":17,"23":8,"24":8,"25":9,"26":9,"27":9,"28":9,"29":9},"b":{"1":[34,1],"2":[17,17],"3":[1,16],"4":[16,0],"5":[3,31],"6":[8,9],"7":[9,0]},"f":{"1":35},"fnMap":{"1":{"name":"processVolley","line":25,"loc":{"start":{"line":25,"column":4},"end":{"line":98,"column":4}}}},"statementMap":{"1":{"start":{"line":28,"column":8},"end":{"line":28,"column":32}},"2":{"start":{"line":29,"column":8},"end":{"line":29,"column":39}},"3":{"start":{"line":30,"column":8},"end":{"line":30,"column":45}},"4":{"start":{"line":31,"column":8},"end":{"line":31,"column":52}},"5":{"start":{"line":32,"column":8},"end":{"line":32,"column":50}},"6":{"start":{"line":33,"column":8},"end":{"line":33,"column":53}},"7":{"start":{"line":36,"column":8},"end":{"line":36,"column":60}},"8":{"start":{"line":37,"column":8},"end":{"line":37,"column":61}},"9":{"start":{"line":40,"column":8},"end":{"line":40,"column":61}},"10":{"start":{"line":43,"column":8},"end":{"line":43,"column":131}},"11":{"start":{"line":46,"column":8},"end":{"line":46,"column":1948}},"12":{"start":{"line":48,"column":12},"end":{"line":48,"column":1993}},"13":{"start":{"line":51,"column":16},"end":{"line":51,"column":97}},"14":{"start":{"line":55,"column":16},"end":{"line":55,"column":117}},"15":{"start":{"line":58,"column":16},"end":{"line":58,"column":2445}},"16":{"start":{"line":61,"column":20},"end":{"line":61,"column":51}},"17":{"start":{"line":64,"column":20},"end":{"line":64,"column":2718}},"18":{"start":{"line":65,"column":24},"end":{"line":65,"column":55}},"19":{"start":{"line":66,"column":24},"end":{"line":66,"column":96}},"20":{"start":{"line":68,"column":24},"end":{"line":68,"column":85}},"21":{"start":{"line":76,"column":12},"end":{"line":76,"column":87}},"22":{"start":{"line":78,"column":15},"end":{"line":78,"column":3205}},"23":{"start":{"line":81,"column":12},"end":{"line":81,"column":51}},"24":{"start":{"line":84,"column":12},"end":{"line":84,"column":82}},"25":{"start":{"line":86,"column":15},"end":{"line":86,"column":3500}},"26":{"start":{"line":89,"column":12},"end":{"line":89,"column":52}},"27":{"start":{"line":90,"column":12},"end":{"line":90,"column":93}},"28":{"start":{"line":91,"column":12},"end":{"line":91,"column":49}},"29":{"start":{"line":94,"column":12},"end":{"line":94,"column":94}}},"branchMap":{"1":{"line":43,"type":"if","locations":[{"start":{"line":43,"column":8},"end":{"line":43,"column":8}},{"start":{"line":43,"column":8},"end":{"line":43,"column":8}}]},"2":{"line":46,"type":"if","locations":[{"start":{"line":46,"column":8},"end":{"line":46,"column":8}},{"start":{"line":46,"column":8},"end":{"line":46,"column":8}}]},"3":{"line":48,"type":"if","locations":[{"start":{"line":48,"column":12},"end":{"line":48,"column":12}},{"start":{"line":48,"column":12},"end":{"line":48,"column":12}}]},"4":{"line":55,"type":"if","locations":[{"start":{"line":55,"column":16},"end":{"line":55,"column":16}},{"start":{"line":55,"column":16},"end":{"line":55,"column":16}}]},"5":{"line":64,"type":"if","locations":[{"start":{"line":64,"column":20},"end":{"line":64,"column":20}},{"start":{"line":64,"column":20},"end":{"line":64,"column":20}}]},"6":{"line":78,"type":"if","locations":[{"start":{"line":78,"column":15},"end":{"line":78,"column":15}},{"start":{"line":78,"column":15},"end":{"line":78,"column":15}}]},"7":{"line":86,"type":"if","locations":[{"start":{"line":86,"column":15},"end":{"line":86,"column":15}},{"start":{"line":86,"column":15},"end":{"line":86,"column":15}}]}}},"contracts/cannon/CannonClaim.sol":{"l":{"22":6,"23":6,"24":5,"27":4,"28":4,"29":4,"32":4,"33":1,"35":4,"38":4,"39":4,"51":8,"52":7,"55":6,"60":5,"61":5,"62":5,"63":5,"64":5,"65":5,"68":5,"71":5,"72":5,"83":1,"84":2,"96":1,"99":1,"100":2},"path":"/Users/cliffhall/Projects/nifty-cannon-contracts/contracts/cannon/CannonClaim.sol","s":{"1":6,"2":6,"3":5,"4":4,"5":4,"6":4,"7":4,"8":1,"9":4,"10":4,"11":4,"12":8,"13":7,"14":6,"15":5,"16":5,"17":5,"18":5,"19":5,"20":5,"21":5,"22":5,"23":5,"24":1,"25":2,"26":1,"27":1,"28":2},"b":{"1":[5,1],"2":[4,1],"3":[4,0],"4":[1,3],"5":[7,1],"6":[6,1],"7":[5,1],"8":[1,0]},"f":{"1":6,"2":8,"3":1,"4":1},"fnMap":{"1":{"name":"claimVolley","line":19,"loc":{"start":{"line":19,"column":4},"end":{"line":40,"column":4}}},"2":{"name":"claimTicket","line":48,"loc":{"start":{"line":48,"column":4},"end":{"line":73,"column":4}}},"3":{"name":"claimAllVolleys","line":80,"loc":{"start":{"line":80,"column":4},"end":{"line":86,"column":4}}},"4":{"name":"claimAllTickets","line":93,"loc":{"start":{"line":93,"column":4},"end":{"line":103,"column":4}}}},"statementMap":{"1":{"start":{"line":22,"column":8},"end":{"line":22,"column":59}},"2":{"start":{"line":23,"column":8},"end":{"line":23,"column":61}},"3":{"start":{"line":24,"column":8},"end":{"line":24,"column":62}},"4":{"start":{"line":27,"column":8},"end":{"line":27,"column":66}},"5":{"start":{"line":28,"column":8},"end":{"line":28,"column":33}},"6":{"start":{"line":29,"column":8},"end":{"line":29,"column":71}},"7":{"start":{"line":32,"column":8},"end":{"line":32,"column":1345}},"8":{"start":{"line":33,"column":12},"end":{"line":33,"column":86}},"9":{"start":{"line":35,"column":8},"end":{"line":35,"column":40}},"10":{"start":{"line":38,"column":8},"end":{"line":38,"column":28}},"11":{"start":{"line":39,"column":8},"end":{"line":39,"column":21}},"12":{"start":{"line":51,"column":8},"end":{"line":51,"column":66}},"13":{"start":{"line":52,"column":8},"end":{"line":52,"column":70}},"14":{"start":{"line":55,"column":8},"end":{"line":55,"column":90}},"15":{"start":{"line":60,"column":8},"end":{"line":60,"column":28}},"16":{"start":{"line":61,"column":8},"end":{"line":61,"column":33}},"17":{"start":{"line":62,"column":8},"end":{"line":62,"column":60}},"18":{"start":{"line":63,"column":8},"end":{"line":63,"column":36}},"19":{"start":{"line":64,"column":8},"end":{"line":64,"column":74}},"20":{"start":{"line":65,"column":8},"end":{"line":65,"column":64}},"21":{"start":{"line":68,"column":8},"end":{"line":68,"column":28}},"22":{"start":{"line":71,"column":8},"end":{"line":71,"column":28}},"23":{"start":{"line":72,"column":8},"end":{"line":72,"column":21}},"24":{"start":{"line":83,"column":8},"end":{"line":83,"column":3343}},"25":{"start":{"line":84,"column":12},"end":{"line":84,"column":25}},"26":{"start":{"line":96,"column":8},"end":{"line":96,"column":67}},"27":{"start":{"line":99,"column":8},"end":{"line":99,"column":3902}},"28":{"start":{"line":100,"column":12},"end":{"line":100,"column":58}}},"branchMap":{"1":{"line":23,"type":"if","locations":[{"start":{"line":23,"column":8},"end":{"line":23,"column":8}},{"start":{"line":23,"column":8},"end":{"line":23,"column":8}}]},"2":{"line":24,"type":"if","locations":[{"start":{"line":24,"column":8},"end":{"line":24,"column":8}},{"start":{"line":24,"column":8},"end":{"line":24,"column":8}}]},"3":{"line":29,"type":"if","locations":[{"start":{"line":29,"column":8},"end":{"line":29,"column":8}},{"start":{"line":29,"column":8},"end":{"line":29,"column":8}}]},"4":{"line":32,"type":"if","locations":[{"start":{"line":32,"column":8},"end":{"line":32,"column":8}},{"start":{"line":32,"column":8},"end":{"line":32,"column":8}}]},"5":{"line":51,"type":"if","locations":[{"start":{"line":51,"column":8},"end":{"line":51,"column":8}},{"start":{"line":51,"column":8},"end":{"line":51,"column":8}}]},"6":{"line":52,"type":"if","locations":[{"start":{"line":52,"column":8},"end":{"line":52,"column":8}},{"start":{"line":52,"column":8},"end":{"line":52,"column":8}}]},"7":{"line":55,"type":"if","locations":[{"start":{"line":55,"column":8},"end":{"line":55,"column":8}},{"start":{"line":55,"column":8},"end":{"line":55,"column":8}}]},"8":{"line":96,"type":"if","locations":[{"start":{"line":96,"column":8},"end":{"line":96,"column":8}},{"start":{"line":96,"column":8},"end":{"line":96,"column":8}}]}}},"contracts/cannon/CannonEvents.sol":{"l":{},"path":"/Users/cliffhall/Projects/nifty-cannon-contracts/contracts/cannon/CannonEvents.sol","s":{},"b":{},"f":{},"fnMap":{},"statementMap":{},"branchMap":{}},"contracts/cannon/CannonSend.sol":{"l":{"20":18,"29":4,"30":8,"31":8},"path":"/Users/cliffhall/Projects/nifty-cannon-contracts/contracts/cannon/CannonSend.sol","s":{"1":18,"2":4,"3":8,"4":8},"b":{},"f":{"1":18,"2":4},"fnMap":{"1":{"name":"fireVolley","line":19,"loc":{"start":{"line":19,"column":4},"end":{"line":21,"column":4}}},"2":{"name":"fireVolleys","line":28,"loc":{"start":{"line":28,"column":4},"end":{"line":33,"column":4}}}},"statementMap":{"1":{"start":{"line":20,"column":8},"end":{"line":20,"column":29}},"2":{"start":{"line":29,"column":8},"end":{"line":29,"column":938}},"3":{"start":{"line":30,"column":12},"end":{"line":30,"column":50}},"4":{"start":{"line":31,"column":12},"end":{"line":31,"column":32}}},"branchMap":{}},"contracts/cannon/CannonState.sol":{"l":{},"path":"/Users/cliffhall/Projects/nifty-cannon-contracts/contracts/cannon/CannonState.sol","s":{},"b":{},"f":{},"fnMap":{},"statementMap":{},"branchMap":{}},"contracts/cannon/CannonTicket.sol":{"l":{"25":1,"26":1,"37":9,"38":9,"39":9,"40":9,"50":5},"path":"/Users/cliffhall/Projects/nifty-cannon-contracts/contracts/cannon/CannonTicket.sol","s":{"1":1,"2":1,"3":9,"4":9,"5":9,"6":9,"7":5},"b":{"1":[1,0]},"f":{"1":3,"2":1,"3":9,"4":5},"fnMap":{"1":{"name":"constructor","line":15,"loc":{"start":{"line":15,"column":4},"end":{"line":15,"column":52}}},"2":{"name":"tokenURI","line":24,"loc":{"start":{"line":24,"column":4},"end":{"line":27,"column":4}}},"3":{"name":"mintTicket","line":34,"loc":{"start":{"line":34,"column":4},"end":{"line":41,"column":4}}},"4":{"name":"burnTicket","line":47,"loc":{"start":{"line":47,"column":4},"end":{"line":51,"column":4}}}},"statementMap":{"1":{"start":{"line":25,"column":8},"end":{"line":25,"column":83}},"2":{"start":{"line":26,"column":8},"end":{"line":26,"column":25}},"3":{"start":{"line":37,"column":8},"end":{"line":37,"column":34}},"4":{"start":{"line":38,"column":8},"end":{"line":38,"column":46}},"5":{"start":{"line":39,"column":8},"end":{"line":39,"column":30}},"6":{"start":{"line":40,"column":8},"end":{"line":40,"column":23}},"7":{"start":{"line":50,"column":8},"end":{"line":50,"column":23}}},"branchMap":{"1":{"line":25,"type":"if","locations":[{"start":{"line":25,"column":8},"end":{"line":25,"column":8}},{"start":{"line":25,"column":8},"end":{"line":25,"column":8}}]}}},"contracts/cannon/CannonTypes.sol":{"l":{},"path":"/Users/cliffhall/Projects/nifty-cannon-contracts/contracts/cannon/CannonTypes.sol","s":{},"b":{},"f":{},"fnMap":{},"statementMap":{},"branchMap":{}},"contracts/cannon/CannonView.sol":{"l":{"19":6,"20":6,"21":6,"29":2,"30":2,"31":2,"32":1,"33":1,"34":1,"44":2,"45":2,"46":2,"47":1,"48":1,"49":1,"50":1},"path":"/Users/cliffhall/Projects/nifty-cannon-contracts/contracts/cannon/CannonView.sol","s":{"1":6,"2":6,"3":6,"4":2,"5":2,"6":2,"7":1,"8":1,"9":1,"10":2,"11":2,"12":2,"13":1,"14":1,"15":1,"16":1},"b":{"1":[1,1],"2":[1,1]},"f":{"1":6,"2":2,"3":2},"fnMap":{"1":{"name":"myWillCallCount","line":18,"loc":{"start":{"line":18,"column":4},"end":{"line":22,"column":4}}},"2":{"name":"myVolleys","line":28,"loc":{"start":{"line":28,"column":4},"end":{"line":37,"column":4}}},"3":{"name":"myTickets","line":43,"loc":{"start":{"line":43,"column":4},"end":{"line":53,"column":4}}}},"statementMap":{"1":{"start":{"line":19,"column":8},"end":{"line":19,"column":64}},"2":{"start":{"line":20,"column":8},"end":{"line":20,"column":51}},"3":{"start":{"line":21,"column":8},"end":{"line":21,"column":40}},"4":{"start":{"line":29,"column":8},"end":{"line":29,"column":64}},"5":{"start":{"line":30,"column":8},"end":{"line":30,"column":42}},"6":{"start":{"line":31,"column":8},"end":{"line":31,"column":1024}},"7":{"start":{"line":32,"column":12},"end":{"line":32,"column":1063}},"8":{"start":{"line":33,"column":16},"end":{"line":33,"column":69}},"9":{"start":{"line":34,"column":16},"end":{"line":34,"column":34}},"10":{"start":{"line":44,"column":8},"end":{"line":44,"column":51}},"11":{"start":{"line":45,"column":8},"end":{"line":45,"column":42}},"12":{"start":{"line":46,"column":8},"end":{"line":46,"column":1545}},"13":{"start":{"line":47,"column":12},"end":{"line":47,"column":1584}},"14":{"start":{"line":48,"column":16},"end":{"line":48,"column":69}},"15":{"start":{"line":49,"column":16},"end":{"line":49,"column":68}},"16":{"start":{"line":50,"column":16},"end":{"line":50,"column":34}}},"branchMap":{"1":{"line":31,"type":"if","locations":[{"start":{"line":31,"column":8},"end":{"line":31,"column":8}},{"start":{"line":31,"column":8},"end":{"line":31,"column":8}}]},"2":{"line":46,"type":"if","locations":[{"start":{"line":46,"column":8},"end":{"line":46,"column":8}},{"start":{"line":46,"column":8},"end":{"line":46,"column":8}}]}}},"contracts/NiftyCannon.sol":{"l":{},"path":"/Users/cliffhall/Projects/nifty-cannon-contracts/contracts/NiftyCannon.sol","s":{},"b":{},"f":{},"fnMap":{},"statementMap":{},"branchMap":{}},"contracts/Rampart.sol":{"l":{},"path":"/Users/cliffhall/Projects/nifty-cannon-contracts/contracts/Rampart.sol","s":{},"b":{},"f":{},"fnMap":{},"statementMap":{},"branchMap":{}},"contracts/snifty/Sample1155.sol":{"l":{"23":4},"path":"/Users/cliffhall/Projects/nifty-cannon-contracts/contracts/snifty/Sample1155.sol","s":{"1":4},"b":{},"f":{"1":15,"2":4},"fnMap":{"1":{"name":"constructor","line":12,"loc":{"start":{"line":12,"column":4},"end":{"line":12,"column":37}}},"2":{"name":"mintSample","line":22,"loc":{"start":{"line":22,"column":4},"end":{"line":24,"column":4}}}},"statementMap":{"1":{"start":{"line":23,"column":8},"end":{"line":23,"column":43}}},"branchMap":{}},"contracts/snifty/Sample721.sol":{"l":{"21":1,"31":51,"32":51},"path":"/Users/cliffhall/Projects/nifty-cannon-contracts/contracts/snifty/Sample721.sol","s":{"1":1,"2":51,"3":51},"b":{},"f":{"1":12,"2":1,"3":51},"fnMap":{"1":{"name":"constructor","line":12,"loc":{"start":{"line":12,"column":4},"end":{"line":12,"column":52}}},"2":{"name":"_baseURI","line":20,"loc":{"start":{"line":20,"column":4},"end":{"line":22,"column":4}}},"3":{"name":"mintSample","line":28,"loc":{"start":{"line":28,"column":4},"end":{"line":33,"column":4}}}},"statementMap":{"1":{"start":{"line":21,"column":8},"end":{"line":21,"column":71}},"2":{"start":{"line":31,"column":8},"end":{"line":31,"column":30}},"3":{"start":{"line":32,"column":8},"end":{"line":32,"column":29}}},"branchMap":{}}}