{"contracts/cannon/CannonActivity.sol":{"l":{"30":96,"31":96,"32":96,"33":96,"34":96,"35":96,"38":96,"39":96,"42":96,"45":96,"48":94,"50":38,"53":2,"57":36,"60":36,"63":76,"66":76,"67":6,"68":6,"70":70,"78":38,"83":32,"86":32,"91":24,"92":24,"93":24,"96":24},"path":"/Users/cliffhall/Projects/nifty-cannon-contracts/contracts/cannon/CannonActivity.sol","s":{"1":96,"2":96,"3":96,"4":96,"5":96,"6":96,"7":96,"8":96,"9":96,"10":96,"11":94,"12":38,"13":2,"14":36,"15":36,"16":76,"17":76,"18":6,"19":6,"20":70,"21":38,"22":56,"23":32,"24":32,"25":24,"26":24,"27":24,"28":24,"29":24},"b":{"1":[94,2],"2":[38,56],"3":[2,36],"4":[36,0],"5":[6,70],"6":[32,24],"7":[24,0]},"f":{"1":96},"fnMap":{"1":{"name":"processVolley","line":27,"loc":{"start":{"line":27,"column":4},"end":{"line":100,"column":4}}}},"statementMap":{"1":{"start":{"line":30,"column":8},"end":{"line":30,"column":32}},"2":{"start":{"line":31,"column":8},"end":{"line":31,"column":39}},"3":{"start":{"line":32,"column":8},"end":{"line":32,"column":45}},"4":{"start":{"line":33,"column":8},"end":{"line":33,"column":52}},"5":{"start":{"line":34,"column":8},"end":{"line":34,"column":50}},"6":{"start":{"line":35,"column":8},"end":{"line":35,"column":53}},"7":{"start":{"line":38,"column":8},"end":{"line":38,"column":60}},"8":{"start":{"line":39,"column":8},"end":{"line":39,"column":61}},"9":{"start":{"line":42,"column":8},"end":{"line":42,"column":61}},"10":{"start":{"line":45,"column":8},"end":{"line":45,"column":131}},"11":{"start":{"line":48,"column":8},"end":{"line":48,"column":2012}},"12":{"start":{"line":50,"column":12},"end":{"line":50,"column":2057}},"13":{"start":{"line":53,"column":16},"end":{"line":53,"column":97}},"14":{"start":{"line":57,"column":16},"end":{"line":57,"column":117}},"15":{"start":{"line":60,"column":16},"end":{"line":60,"column":2509}},"16":{"start":{"line":63,"column":20},"end":{"line":63,"column":51}},"17":{"start":{"line":66,"column":20},"end":{"line":66,"column":2782}},"18":{"start":{"line":67,"column":24},"end":{"line":67,"column":55}},"19":{"start":{"line":68,"column":24},"end":{"line":68,"column":96}},"20":{"start":{"line":70,"column":24},"end":{"line":70,"column":85}},"21":{"start":{"line":78,"column":12},"end":{"line":78,"column":87}},"22":{"start":{"line":80,"column":15},"end":{"line":80,"column":3269}},"23":{"start":{"line":83,"column":12},"end":{"line":83,"column":51}},"24":{"start":{"line":86,"column":12},"end":{"line":86,"column":82}},"25":{"start":{"line":88,"column":15},"end":{"line":88,"column":3564}},"26":{"start":{"line":91,"column":12},"end":{"line":91,"column":52}},"27":{"start":{"line":92,"column":12},"end":{"line":92,"column":93}},"28":{"start":{"line":93,"column":12},"end":{"line":93,"column":49}},"29":{"start":{"line":96,"column":12},"end":{"line":96,"column":94}}},"branchMap":{"1":{"line":45,"type":"if","locations":[{"start":{"line":45,"column":8},"end":{"line":45,"column":8}},{"start":{"line":45,"column":8},"end":{"line":45,"column":8}}]},"2":{"line":48,"type":"if","locations":[{"start":{"line":48,"column":8},"end":{"line":48,"column":8}},{"start":{"line":48,"column":8},"end":{"line":48,"column":8}}]},"3":{"line":50,"type":"if","locations":[{"start":{"line":50,"column":12},"end":{"line":50,"column":12}},{"start":{"line":50,"column":12},"end":{"line":50,"column":12}}]},"4":{"line":57,"type":"if","locations":[{"start":{"line":57,"column":16},"end":{"line":57,"column":16}},{"start":{"line":57,"column":16},"end":{"line":57,"column":16}}]},"5":{"line":66,"type":"if","locations":[{"start":{"line":66,"column":20},"end":{"line":66,"column":20}},{"start":{"line":66,"column":20},"end":{"line":66,"column":20}}]},"6":{"line":80,"type":"if","locations":[{"start":{"line":80,"column":15},"end":{"line":80,"column":15}},{"start":{"line":80,"column":15},"end":{"line":80,"column":15}}]},"7":{"line":88,"type":"if","locations":[{"start":{"line":88,"column":15},"end":{"line":88,"column":15}},{"start":{"line":88,"column":15},"end":{"line":88,"column":15}}]}}},"contracts/cannon/CannonClaim.sol":{"l":{"24":16,"25":16,"26":14,"29":12,"30":12,"31":12,"34":12,"35":2,"37":12,"40":12,"41":12,"53":16,"54":14,"57":12,"62":10,"63":10,"64":10,"65":10,"66":10,"67":10,"70":10,"73":10,"74":10,"85":2,"86":4,"98":2,"101":2,"102":4},"path":"/Users/cliffhall/Projects/nifty-cannon-contracts/contracts/cannon/CannonClaim.sol","s":{"1":16,"2":16,"3":14,"4":12,"5":12,"6":12,"7":12,"8":2,"9":12,"10":12,"11":12,"12":16,"13":14,"14":12,"15":10,"16":10,"17":10,"18":10,"19":10,"20":10,"21":10,"22":10,"23":10,"24":2,"25":4,"26":2,"27":2,"28":4},"b":{"1":[14,2],"2":[12,2],"3":[12,0],"4":[2,10],"5":[14,2],"6":[12,2],"7":[10,2],"8":[2,0]},"f":{"1":16,"2":16,"3":2,"4":2},"fnMap":{"1":{"name":"claimVolley","line":21,"loc":{"start":{"line":21,"column":4},"end":{"line":42,"column":4}}},"2":{"name":"claimTicket","line":50,"loc":{"start":{"line":50,"column":4},"end":{"line":75,"column":4}}},"3":{"name":"claimAllVolleys","line":82,"loc":{"start":{"line":82,"column":4},"end":{"line":88,"column":4}}},"4":{"name":"claimAllTickets","line":95,"loc":{"start":{"line":95,"column":4},"end":{"line":105,"column":4}}}},"statementMap":{"1":{"start":{"line":24,"column":8},"end":{"line":24,"column":59}},"2":{"start":{"line":25,"column":8},"end":{"line":25,"column":61}},"3":{"start":{"line":26,"column":8},"end":{"line":26,"column":62}},"4":{"start":{"line":29,"column":8},"end":{"line":29,"column":66}},"5":{"start":{"line":30,"column":8},"end":{"line":30,"column":33}},"6":{"start":{"line":31,"column":8},"end":{"line":31,"column":71}},"7":{"start":{"line":34,"column":8},"end":{"line":34,"column":1409}},"8":{"start":{"line":35,"column":12},"end":{"line":35,"column":86}},"9":{"start":{"line":37,"column":8},"end":{"line":37,"column":40}},"10":{"start":{"line":40,"column":8},"end":{"line":40,"column":28}},"11":{"start":{"line":41,"column":8},"end":{"line":41,"column":21}},"12":{"start":{"line":53,"column":8},"end":{"line":53,"column":66}},"13":{"start":{"line":54,"column":8},"end":{"line":54,"column":70}},"14":{"start":{"line":57,"column":8},"end":{"line":57,"column":90}},"15":{"start":{"line":62,"column":8},"end":{"line":62,"column":28}},"16":{"start":{"line":63,"column":8},"end":{"line":63,"column":33}},"17":{"start":{"line":64,"column":8},"end":{"line":64,"column":60}},"18":{"start":{"line":65,"column":8},"end":{"line":65,"column":36}},"19":{"start":{"line":66,"column":8},"end":{"line":66,"column":74}},"20":{"start":{"line":67,"column":8},"end":{"line":67,"column":64}},"21":{"start":{"line":70,"column":8},"end":{"line":70,"column":28}},"22":{"start":{"line":73,"column":8},"end":{"line":73,"column":28}},"23":{"start":{"line":74,"column":8},"end":{"line":74,"column":21}},"24":{"start":{"line":85,"column":8},"end":{"line":85,"column":3407}},"25":{"start":{"line":86,"column":12},"end":{"line":86,"column":25}},"26":{"start":{"line":98,"column":8},"end":{"line":98,"column":67}},"27":{"start":{"line":101,"column":8},"end":{"line":101,"column":3966}},"28":{"start":{"line":102,"column":12},"end":{"line":102,"column":58}}},"branchMap":{"1":{"line":25,"type":"if","locations":[{"start":{"line":25,"column":8},"end":{"line":25,"column":8}},{"start":{"line":25,"column":8},"end":{"line":25,"column":8}}]},"2":{"line":26,"type":"if","locations":[{"start":{"line":26,"column":8},"end":{"line":26,"column":8}},{"start":{"line":26,"column":8},"end":{"line":26,"column":8}}]},"3":{"line":31,"type":"if","locations":[{"start":{"line":31,"column":8},"end":{"line":31,"column":8}},{"start":{"line":31,"column":8},"end":{"line":31,"column":8}}]},"4":{"line":34,"type":"if","locations":[{"start":{"line":34,"column":8},"end":{"line":34,"column":8}},{"start":{"line":34,"column":8},"end":{"line":34,"column":8}}]},"5":{"line":53,"type":"if","locations":[{"start":{"line":53,"column":8},"end":{"line":53,"column":8}},{"start":{"line":53,"column":8},"end":{"line":53,"column":8}}]},"6":{"line":54,"type":"if","locations":[{"start":{"line":54,"column":8},"end":{"line":54,"column":8}},{"start":{"line":54,"column":8},"end":{"line":54,"column":8}}]},"7":{"line":57,"type":"if","locations":[{"start":{"line":57,"column":8},"end":{"line":57,"column":8}},{"start":{"line":57,"column":8},"end":{"line":57,"column":8}}]},"8":{"line":98,"type":"if","locations":[{"start":{"line":98,"column":8},"end":{"line":98,"column":8}},{"start":{"line":98,"column":8},"end":{"line":98,"column":8}}]}}},"contracts/cannon/CannonEvents.sol":{"l":{},"path":"/Users/cliffhall/Projects/nifty-cannon-contracts/contracts/cannon/CannonEvents.sol","s":{},"b":{},"f":{},"fnMap":{},"statementMap":{},"branchMap":{}},"contracts/cannon/CannonSend.sol":{"l":{"24":46,"33":14,"34":28,"35":28},"path":"/Users/cliffhall/Projects/nifty-cannon-contracts/contracts/cannon/CannonSend.sol","s":{"1":46,"2":14,"3":28,"4":28},"b":{},"f":{"1":46,"2":14},"fnMap":{"1":{"name":"fireVolley","line":23,"loc":{"start":{"line":23,"column":4},"end":{"line":25,"column":4}}},"2":{"name":"fireVolleys","line":32,"loc":{"start":{"line":32,"column":4},"end":{"line":37,"column":4}}}},"statementMap":{"1":{"start":{"line":24,"column":8},"end":{"line":24,"column":29}},"2":{"start":{"line":33,"column":8},"end":{"line":33,"column":1010}},"3":{"start":{"line":34,"column":12},"end":{"line":34,"column":50}},"4":{"start":{"line":35,"column":12},"end":{"line":35,"column":32}}},"branchMap":{}},"contracts/cannon/CannonState.sol":{"l":{},"path":"/Users/cliffhall/Projects/nifty-cannon-contracts/contracts/cannon/CannonState.sol","s":{},"b":{},"f":{},"fnMap":{},"statementMap":{},"branchMap":{}},"contracts/cannon/CannonTicket.sol":{"l":{"27":2,"28":2,"39":24,"40":24,"41":24,"42":24,"52":10},"path":"/Users/cliffhall/Projects/nifty-cannon-contracts/contracts/cannon/CannonTicket.sol","s":{"1":2,"2":2,"3":24,"4":24,"5":24,"6":24,"7":10},"b":{"1":[2,0]},"f":{"1":198,"2":2,"3":24,"4":10},"fnMap":{"1":{"name":"constructor","line":17,"loc":{"start":{"line":17,"column":4},"end":{"line":17,"column":52}}},"2":{"name":"tokenURI","line":26,"loc":{"start":{"line":26,"column":4},"end":{"line":29,"column":4}}},"3":{"name":"mintTicket","line":36,"loc":{"start":{"line":36,"column":4},"end":{"line":43,"column":4}}},"4":{"name":"burnTicket","line":49,"loc":{"start":{"line":49,"column":4},"end":{"line":53,"column":4}}}},"statementMap":{"1":{"start":{"line":27,"column":8},"end":{"line":27,"column":83}},"2":{"start":{"line":28,"column":8},"end":{"line":28,"column":25}},"3":{"start":{"line":39,"column":8},"end":{"line":39,"column":34}},"4":{"start":{"line":40,"column":8},"end":{"line":40,"column":46}},"5":{"start":{"line":41,"column":8},"end":{"line":41,"column":30}},"6":{"start":{"line":42,"column":8},"end":{"line":42,"column":23}},"7":{"start":{"line":52,"column":8},"end":{"line":52,"column":23}}},"branchMap":{"1":{"line":27,"type":"if","locations":[{"start":{"line":27,"column":8},"end":{"line":27,"column":8}},{"start":{"line":27,"column":8},"end":{"line":27,"column":8}}]}}},"contracts/cannon/CannonTypes.sol":{"l":{},"path":"/Users/cliffhall/Projects/nifty-cannon-contracts/contracts/cannon/CannonTypes.sol","s":{},"b":{},"f":{},"fnMap":{},"statementMap":{},"branchMap":{}},"contracts/cannon/CannonView.sol":{"l":{"21":20,"29":18,"30":18,"31":18,"39":4,"40":4,"41":4,"42":2,"43":2,"44":2,"54":4,"55":4,"56":4,"57":2,"58":2,"59":2,"60":2},"path":"/Users/cliffhall/Projects/nifty-cannon-contracts/contracts/cannon/CannonView.sol","s":{"1":20,"2":18,"3":18,"4":18,"5":4,"6":4,"7":4,"8":2,"9":2,"10":2,"11":4,"12":4,"13":4,"14":2,"15":2,"16":2,"17":2},"b":{"1":[2,2],"2":[2,2]},"f":{"1":20,"2":18,"3":4,"4":4},"fnMap":{"1":{"name":"getNextTicketId","line":20,"loc":{"start":{"line":20,"column":4},"end":{"line":22,"column":4}}},"2":{"name":"myWillCallCount","line":28,"loc":{"start":{"line":28,"column":4},"end":{"line":32,"column":4}}},"3":{"name":"myVolleys","line":38,"loc":{"start":{"line":38,"column":4},"end":{"line":47,"column":4}}},"4":{"name":"myTickets","line":53,"loc":{"start":{"line":53,"column":4},"end":{"line":63,"column":4}}}},"statementMap":{"1":{"start":{"line":21,"column":8},"end":{"line":21,"column":34}},"2":{"start":{"line":29,"column":8},"end":{"line":29,"column":64}},"3":{"start":{"line":30,"column":8},"end":{"line":30,"column":51}},"4":{"start":{"line":31,"column":8},"end":{"line":31,"column":40}},"5":{"start":{"line":39,"column":8},"end":{"line":39,"column":64}},"6":{"start":{"line":40,"column":8},"end":{"line":40,"column":42}},"7":{"start":{"line":41,"column":8},"end":{"line":41,"column":1349}},"8":{"start":{"line":42,"column":12},"end":{"line":42,"column":1388}},"9":{"start":{"line":43,"column":16},"end":{"line":43,"column":69}},"10":{"start":{"line":44,"column":16},"end":{"line":44,"column":34}},"11":{"start":{"line":54,"column":8},"end":{"line":54,"column":51}},"12":{"start":{"line":55,"column":8},"end":{"line":55,"column":42}},"13":{"start":{"line":56,"column":8},"end":{"line":56,"column":1870}},"14":{"start":{"line":57,"column":12},"end":{"line":57,"column":1909}},"15":{"start":{"line":58,"column":16},"end":{"line":58,"column":69}},"16":{"start":{"line":59,"column":16},"end":{"line":59,"column":68}},"17":{"start":{"line":60,"column":16},"end":{"line":60,"column":34}}},"branchMap":{"1":{"line":41,"type":"if","locations":[{"start":{"line":41,"column":8},"end":{"line":41,"column":8}},{"start":{"line":41,"column":8},"end":{"line":41,"column":8}}]},"2":{"line":56,"type":"if","locations":[{"start":{"line":56,"column":8},"end":{"line":56,"column":8}},{"start":{"line":56,"column":8},"end":{"line":56,"column":8}}]}}},"contracts/NiftyCannon.sol":{"l":{},"path":"/Users/cliffhall/Projects/nifty-cannon-contracts/contracts/NiftyCannon.sol","s":{},"b":{},"f":{},"fnMap":{},"statementMap":{},"branchMap":{}},"contracts/NiftyCannonProxy.sol":{"l":{},"path":"/Users/cliffhall/Projects/nifty-cannon-contracts/contracts/NiftyCannonProxy.sol","s":{},"b":{},"f":{"1":99},"fnMap":{"1":{"name":"constructor","line":22,"loc":{"start":{"line":18,"column":4},"end":{"line":22,"column":66}}}},"statementMap":{},"branchMap":{}},"contracts/Rampart.sol":{"l":{},"path":"/Users/cliffhall/Projects/nifty-cannon-contracts/contracts/Rampart.sol","s":{},"b":{},"f":{},"fnMap":{},"statementMap":{},"branchMap":{}},"contracts/snifty/Sample1155.sol":{"l":{"23":134},"path":"/Users/cliffhall/Projects/nifty-cannon-contracts/contracts/snifty/Sample1155.sol","s":{"1":134},"b":{},"f":{"1":210,"2":134},"fnMap":{"1":{"name":"constructor","line":12,"loc":{"start":{"line":12,"column":4},"end":{"line":12,"column":37}}},"2":{"name":"mintSample","line":22,"loc":{"start":{"line":22,"column":4},"end":{"line":24,"column":4}}}},"statementMap":{"1":{"start":{"line":23,"column":8},"end":{"line":23,"column":43}}},"branchMap":{}},"contracts/snifty/Sample721.sol":{"l":{"21":1,"31":3301,"32":3301},"path":"/Users/cliffhall/Projects/nifty-cannon-contracts/contracts/snifty/Sample721.sol","s":{"1":1,"2":3301,"3":3301},"b":{},"f":{"1":207,"2":1,"3":3301},"fnMap":{"1":{"name":"constructor","line":12,"loc":{"start":{"line":12,"column":4},"end":{"line":12,"column":52}}},"2":{"name":"_baseURI","line":20,"loc":{"start":{"line":20,"column":4},"end":{"line":22,"column":4}}},"3":{"name":"mintSample","line":28,"loc":{"start":{"line":28,"column":4},"end":{"line":33,"column":4}}}},"statementMap":{"1":{"start":{"line":21,"column":8},"end":{"line":21,"column":71}},"2":{"start":{"line":31,"column":8},"end":{"line":31,"column":30}},"3":{"start":{"line":32,"column":8},"end":{"line":32,"column":29}}},"branchMap":{}}}